<?xml version="1.0" encoding="UTF-8"?>
<!-- Generated by org.testng.reporters.JUnitReportReporter -->
<testsuite hostname="DESKTOP-IU8LP5K" failures="1" tests="1" name="cucumberOptions.FailedTestRunner" time="13.469" errors="0" timestamp="2025-04-04T16:59:12 IST" skipped="0">
  <testcase classname="cucumberOptions.FailedTestRunner" name="runScenario" time="13.469">
    <failure message="expected [Beetroot] but found [No data]" type="java.lang.AssertionError">
      <![CDATA[java.lang.AssertionError: expected [Beetroot] but found [No data]
at org.testng.Assert.fail(Assert.java:111)
at org.testng.Assert.failNotEquals(Assert.java:1578)
at org.testng.Assert.assertEqualsImpl(Assert.java:150)
at org.testng.Assert.assertEquals(Assert.java:132)
at org.testng.Assert.assertEquals(Assert.java:656)
at org.testng.Assert.assertEquals(Assert.java:666)
at stepDefinitions.OffersPageStepDefinitions.validateTheProduct(OffersPageStepDefinitions.java:42)
at ✽.Validate product name in offers page matches with Landing Page(file:///C:/Users/user/eclipse-workspace/CucumberTest-Framework/src/test/java/features/searchProduct.feature:8)
]]>
    </failure>
  </testcase> <!-- runScenario -->
</testsuite> <!-- cucumberOptions.FailedTestRunner -->
